<?xml version="1.0" encoding="UTF-8"?>
<!-- Generated by org.testng.reporters.JUnitReportReporter -->
<testsuite skipped="0" hostname="WELCOME-PC" name="FlightBookingTest" tests="1" failures="0" timestamp="19 Feb 2019 16:07:44 GMT" time="17.105" errors="0">
  <testcase name="testThatResultsAppearForAOneWayJourney" time="17.105" classname="FlightBookingTest"/>
</testsuite> <!-- FlightBookingTest -->
