<?xml version="1.0" encoding="UTF-8"?>
<!-- Generated by org.testng.reporters.JUnitReportReporter -->
<testsuite skipped="0" hostname="WELCOME-PC" name="SignInTest" tests="1" failures="0" timestamp="20 Feb 2019 16:06:29 GMT" time="16.533" errors="0">
  <testcase name="invalidSignIn" time="16.533" classname="SignInTest"/>
</testsuite> <!-- SignInTest -->
