<?xml version="1.0" encoding="UTF-8"?>
<!-- Generated by org.testng.reporters.JUnitReportReporter -->
<testsuite skipped="0" hostname="WELCOME-PC" name="HotelBookingTest" tests="1" failures="0" timestamp="20 Feb 2019 16:21:26 GMT" time="34.118" errors="0">
  <testcase name="shouldBeAbleToSearchForHotels" time="34.118" classname="HotelBookingTest"/>
</testsuite> <!-- HotelBookingTest -->
